<?xml version="1.0" encoding="UTF-8"?>
<!-- Generated by org.testng.reporters.JUnitReportReporter -->
<testsuite hostname="Rajashree" failures="0" tests="3" name="TestNGProgram.FirstTestNGProgram" time="3.643" errors="0" timestamp="2025-05-08T17:17:00 IST" skipped="0">
  <testcase classname="TestNGProgram.FirstTestNGProgram" name="openApp" time="2.785"/>
  <testcase classname="TestNGProgram.FirstTestNGProgram" name="loginApp" time="0.707"/>
  <testcase classname="TestNGProgram.FirstTestNGProgram" name="logoutApp" time="0.151"/>
</testsuite> <!-- TestNGProgram.FirstTestNGProgram -->
