<?xml version="1.0" encoding="UTF-8"?>
<!-- Generated by org.testng.reporters.JUnitReportReporter -->
<testsuite hostname="Rajashree" failures="0" tests="3" name="TestNGProgram.SecondTestNGProgram" time="2.807" errors="0" timestamp="2025-05-08T17:17:00 IST" skipped="0">
  <testcase classname="TestNGProgram.SecondTestNGProgram" name="openApp" time="1.049"/>
  <testcase classname="TestNGProgram.SecondTestNGProgram" name="loginApp" time="1.627"/>
  <testcase classname="TestNGProgram.SecondTestNGProgram" name="logoutApp" time="0.131"/>
</testsuite> <!-- TestNGProgram.SecondTestNGProgram -->
