<?xml version="1.0" encoding="UTF-8"?>
<!-- Generated by org.testng.reporters.JUnitReportReporter -->
<testsuite hostname="Rajashree" failures="0" tests="3" name="TestNGProgram.SecondTestNGProgram" time="2.455" errors="0" timestamp="2025-05-08T17:48:55 IST" skipped="0">
  <testcase classname="TestNGProgram.SecondTestNGProgram" name="openApp" time="1.024"/>
  <testcase classname="TestNGProgram.SecondTestNGProgram" name="loginApp" time="1.222"/>
  <testcase classname="TestNGProgram.SecondTestNGProgram" name="logoutApp" time="0.209"/>
</testsuite> <!-- TestNGProgram.SecondTestNGProgram -->
