<?xml version="1.0" encoding="UTF-8"?>
<!-- Generated by org.testng.reporters.JUnitReportReporter -->
<testsuite hostname="Rajashree" failures="0" tests="3" name="TestNGProgram.FirstTestNGProgram" time="3.560" errors="0" timestamp="2025-05-08T17:48:55 IST" skipped="0">
  <testcase classname="TestNGProgram.FirstTestNGProgram" name="openApp" time="1.592"/>
  <testcase classname="TestNGProgram.FirstTestNGProgram" name="loginApp" time="1.878"/>
  <testcase classname="TestNGProgram.FirstTestNGProgram" name="logoutApp" time="0.090"/>
</testsuite> <!-- TestNGProgram.FirstTestNGProgram -->
